时间：06-03 12:47
类型：INFO
位置：factory.SocialNetworkFactory.dealstr(SocialNetworkFactory.java:181)
信息：the Graph type is SocialNetwork!
时间：06-03 12:47
类型：INFO
位置：factory.SocialNetworkFactory.dealstr(SocialNetworkFactory.java:188)
信息：Graphname is MyFriends
时间：06-03 12:47
类型：INFO
位置：factory.SocialNetworkFactory.dealstr(SocialNetworkFactory.java:196)
信息：the vertex type Person is added to the graph.
时间：06-03 12:47
类型：INFO
位置：factory.SocialNetworkFactory.dealstr(SocialNetworkFactory.java:207)
信息：the edge type FriendTie is added to the graph.
时间：06-03 12:47
类型：INFO
位置：factory.SocialNetworkFactory.dealstr(SocialNetworkFactory.java:207)
信息：the edge type CommentTie is added to the graph.
时间：06-03 12:47
类型：INFO
位置：factory.SocialNetworkFactory.dealstr(SocialNetworkFactory.java:207)
信息：the edge type ForwardTie is added to the graph.
时间：06-03 12:47
类型：INFO
位置：factory.SocialNetworkFactory.dealstr(SocialNetworkFactory.java:181)
信息：the Graph type is SocialNetwork!
时间：06-03 12:47
类型：INFO
位置：factory.SocialNetworkFactory.dealstr(SocialNetworkFactory.java:188)
信息：Graphname is MyFriends
时间：06-03 12:47
类型：INFO
位置：factory.SocialNetworkFactory.dealstr(SocialNetworkFactory.java:196)
信息：the vertex type Person is added to the graph.
时间：06-03 12:47
类型：INFO
位置：factory.SocialNetworkFactory.dealstr(SocialNetworkFactory.java:207)
信息：the edge type FriendTie is added to the graph.
时间：06-03 12:47
类型：INFO
位置：factory.SocialNetworkFactory.dealstr(SocialNetworkFactory.java:207)
信息：the edge type CommentTie is added to the graph.
时间：06-03 12:47
类型：INFO
位置：factory.SocialNetworkFactory.dealstr(SocialNetworkFactory.java:207)
信息：the edge type ForwardTie is added to the graph.
时间：06-03 12:47
类型：INFO
位置：factory.SocialNetworkFactory.dealstr(SocialNetworkFactory.java:181)
信息：the Graph type is SocialNetwork!
时间：06-03 12:47
类型：INFO
位置：factory.SocialNetworkFactory.dealstr(SocialNetworkFactory.java:188)
信息：Graphname is MyFriends
时间：06-03 12:47
类型：INFO
位置：factory.SocialNetworkFactory.dealstr(SocialNetworkFactory.java:196)
信息：the vertex type Person is added to the graph.
时间：06-03 12:47
类型：INFO
位置：factory.SocialNetworkFactory.dealstr(SocialNetworkFactory.java:207)
信息：the edge type FriendTie is added to the graph.
时间：06-03 12:47
类型：INFO
位置：factory.SocialNetworkFactory.dealstr(SocialNetworkFactory.java:207)
信息：the edge type CommentTie is added to the graph.
时间：06-03 12:47
类型：INFO
位置：factory.SocialNetworkFactory.dealstr(SocialNetworkFactory.java:207)
信息：the edge type ForwardTie is added to the graph.
时间：06-03 12:47
类型：INFO
位置：factory.SocialNetworkFactory.dealstr(SocialNetworkFactory.java:181)
信息：the Graph type is SocialNetwork!
时间：06-03 12:47
类型：INFO
位置：factory.SocialNetworkFactory.dealstr(SocialNetworkFactory.java:188)
信息：Graphname is MyFriends
时间：06-03 12:47
类型：INFO
位置：factory.SocialNetworkFactory.dealstr(SocialNetworkFactory.java:196)
信息：the vertex type Person is added to the graph.
时间：06-03 12:47
类型：INFO
位置：factory.SocialNetworkFactory.dealstr(SocialNetworkFactory.java:207)
信息：the edge type FriendTie is added to the graph.
时间：06-03 12:47
类型：INFO
位置：factory.SocialNetworkFactory.dealstr(SocialNetworkFactory.java:207)
信息：the edge type CommentTie is added to the graph.
时间：06-03 12:47
类型：INFO
位置：factory.SocialNetworkFactory.dealstr(SocialNetworkFactory.java:207)
信息：the edge type ForwardTie is added to the graph.
时间：06-03 20:19
类型：INFO
位置：factory.SocialNetworkFactory.dealstr(SocialNetworkFactory.java:181)
信息：the Graph type is SocialNetwork!
时间：06-03 20:19
类型：INFO
位置：factory.SocialNetworkFactory.dealstr(SocialNetworkFactory.java:188)
信息：Graphname is MyFriends
时间：06-03 20:19
类型：INFO
位置：factory.SocialNetworkFactory.dealstr(SocialNetworkFactory.java:196)
信息：the vertex type Person is added to the graph.
时间：06-03 20:19
类型：INFO
位置：factory.SocialNetworkFactory.dealstr(SocialNetworkFactory.java:207)
信息：the edge type FriendTie is added to the graph.
时间：06-03 20:19
类型：INFO
位置：factory.SocialNetworkFactory.dealstr(SocialNetworkFactory.java:207)
信息：the edge type CommentTie is added to the graph.
时间：06-03 20:19
类型：INFO
位置：factory.SocialNetworkFactory.dealstr(SocialNetworkFactory.java:207)
信息：the edge type ForwardTie is added to the graph.
